  DicomToolDlg.cpp
d:\code\dicomtool\dicomtool\dcmtk\config\osconfig.h : warning C4819: 该文件包含不能在当前代码页(936)中表示的字符。请将该文件保存为 Unicode 格式以防止数据丢失
d:\code\dicomtool\dicomtool\dcmtk\ofstd\offile.h : warning C4819: 该文件包含不能在当前代码页(936)中表示的字符。请将该文件保存为 Unicode 格式以防止数据丢失
oflog.lib(oflog.obj) : warning LNK4099: 未找到 PDB“oflog.pdb”(使用“oflog.lib(oflog.obj)”或在“D:\code\DicomTool\Debug\oflog.pdb”中寻找)；正在链接对象，如同没有调试信息一样
oflog.lib(apndimpl.obj) : warning LNK4099: 未找到 PDB“oflog.pdb”(使用“oflog.lib(apndimpl.obj)”或在“D:\code\DicomTool\Debug\oflog.pdb”中寻找)；正在链接对象，如同没有调试信息一样
oflog.lib(appender.obj) : warning LNK4099: 未找到 PDB“oflog.pdb”(使用“oflog.lib(appender.obj)”或在“D:\code\DicomTool\Debug\oflog.pdb”中寻找)；正在链接对象，如同没有调试信息一样
oflog.lib(config.obj) : warning LNK4099: 未找到 PDB“oflog.pdb”(使用“oflog.lib(config.obj)”或在“D:\code\DicomTool\Debug\oflog.pdb”中寻找)；正在链接对象，如同没有调试信息一样
oflog.lib(consap.obj) : warning LNK4099: 未找到 PDB“oflog.pdb”(使用“oflog.lib(consap.obj)”或在“D:\code\DicomTool\Debug\oflog.pdb”中寻找)；正在链接对象，如同没有调试信息一样
oflog.lib(factory.obj) : warning LNK4099: 未找到 PDB“oflog.pdb”(使用“oflog.lib(factory.obj)”或在“D:\code\DicomTool\Debug\oflog.pdb”中寻找)；正在链接对象，如同没有调试信息一样
oflog.lib(fileap.obj) : warning LNK4099: 未找到 PDB“oflog.pdb”(使用“oflog.lib(fileap.obj)”或在“D:\code\DicomTool\Debug\oflog.pdb”中寻找)；正在链接对象，如同没有调试信息一样
oflog.lib(filter.obj) : warning LNK4099: 未找到 PDB“oflog.pdb”(使用“oflog.lib(filter.obj)”或在“D:\code\DicomTool\Debug\oflog.pdb”中寻找)；正在链接对象，如同没有调试信息一样
oflog.lib(globinit.obj) : warning LNK4099: 未找到 PDB“oflog.pdb”(使用“oflog.lib(globinit.obj)”或在“D:\code\DicomTool\Debug\oflog.pdb”中寻找)；正在链接对象，如同没有调试信息一样
oflog.lib(hierarchy.obj) : warning LNK4099: 未找到 PDB“oflog.pdb”(使用“oflog.lib(hierarchy.obj)”或在“D:\code\DicomTool\Debug\oflog.pdb”中寻找)；正在链接对象，如同没有调试信息一样
oflog.lib(hierlock.obj) : warning LNK4099: 未找到 PDB“oflog.pdb”(使用“oflog.lib(hierlock.obj)”或在“D:\code\DicomTool\Debug\oflog.pdb”中寻找)；正在链接对象，如同没有调试信息一样
oflog.lib(layout.obj) : warning LNK4099: 未找到 PDB“oflog.pdb”(使用“oflog.lib(layout.obj)”或在“D:\code\DicomTool\Debug\oflog.pdb”中寻找)；正在链接对象，如同没有调试信息一样
oflog.lib(logger.obj) : warning LNK4099: 未找到 PDB“oflog.pdb”(使用“oflog.lib(logger.obj)”或在“D:\code\DicomTool\Debug\oflog.pdb”中寻找)；正在链接对象，如同没有调试信息一样
oflog.lib(logimpl.obj) : warning LNK4099: 未找到 PDB“oflog.pdb”(使用“oflog.lib(logimpl.obj)”或在“D:\code\DicomTool\Debug\oflog.pdb”中寻找)；正在链接对象，如同没有调试信息一样
oflog.lib(logevent.obj) : warning LNK4099: 未找到 PDB“oflog.pdb”(使用“oflog.lib(logevent.obj)”或在“D:\code\DicomTool\Debug\oflog.pdb”中寻找)；正在链接对象，如同没有调试信息一样
oflog.lib(loglevel.obj) : warning LNK4099: 未找到 PDB“oflog.pdb”(使用“oflog.lib(loglevel.obj)”或在“D:\code\DicomTool\Debug\oflog.pdb”中寻找)；正在链接对象，如同没有调试信息一样
oflog.lib(loglog.obj) : warning LNK4099: 未找到 PDB“oflog.pdb”(使用“oflog.lib(loglog.obj)”或在“D:\code\DicomTool\Debug\oflog.pdb”中寻找)；正在链接对象，如同没有调试信息一样
oflog.lib(lloguser.obj) : warning LNK4099: 未找到 PDB“oflog.pdb”(使用“oflog.lib(lloguser.obj)”或在“D:\code\DicomTool\Debug\oflog.pdb”中寻找)；正在链接对象，如同没有调试信息一样
oflog.lib(ndc.obj) : warning LNK4099: 未找到 PDB“oflog.pdb”(使用“oflog.lib(ndc.obj)”或在“D:\code\DicomTool\Debug\oflog.pdb”中寻找)；正在链接对象，如同没有调试信息一样
oflog.lib(ntelogap.obj) : warning LNK4099: 未找到 PDB“oflog.pdb”(使用“oflog.lib(ntelogap.obj)”或在“D:\code\DicomTool\Debug\oflog.pdb”中寻找)；正在链接对象，如同没有调试信息一样
oflog.lib(nullap.obj) : warning LNK4099: 未找到 PDB“oflog.pdb”(使用“oflog.lib(nullap.obj)”或在“D:\code\DicomTool\Debug\oflog.pdb”中寻找)；正在链接对象，如同没有调试信息一样
oflog.lib(objreg.obj) : warning LNK4099: 未找到 PDB“oflog.pdb”(使用“oflog.lib(objreg.obj)”或在“D:\code\DicomTool\Debug\oflog.pdb”中寻找)；正在链接对象，如同没有调试信息一样
oflog.lib(patlay.obj) : warning LNK4099: 未找到 PDB“oflog.pdb”(使用“oflog.lib(patlay.obj)”或在“D:\code\DicomTool\Debug\oflog.pdb”中寻找)；正在链接对象，如同没有调试信息一样
oflog.lib(pointer.obj) : warning LNK4099: 未找到 PDB“oflog.pdb”(使用“oflog.lib(pointer.obj)”或在“D:\code\DicomTool\Debug\oflog.pdb”中寻找)；正在链接对象，如同没有调试信息一样
oflog.lib(property.obj) : warning LNK4099: 未找到 PDB“oflog.pdb”(使用“oflog.lib(property.obj)”或在“D:\code\DicomTool\Debug\oflog.pdb”中寻找)；正在链接对象，如同没有调试信息一样
oflog.lib(rootlog.obj) : warning LNK4099: 未找到 PDB“oflog.pdb”(使用“oflog.lib(rootlog.obj)”或在“D:\code\DicomTool\Debug\oflog.pdb”中寻找)；正在链接对象，如同没有调试信息一样
oflog.lib(sleep.obj) : warning LNK4099: 未找到 PDB“oflog.pdb”(使用“oflog.lib(sleep.obj)”或在“D:\code\DicomTool\Debug\oflog.pdb”中寻找)；正在链接对象，如同没有调试信息一样
oflog.lib(socketap.obj) : warning LNK4099: 未找到 PDB“oflog.pdb”(使用“oflog.lib(socketap.obj)”或在“D:\code\DicomTool\Debug\oflog.pdb”中寻找)；正在链接对象，如同没有调试信息一样
oflog.lib(sockbuff.obj) : warning LNK4099: 未找到 PDB“oflog.pdb”(使用“oflog.lib(sockbuff.obj)”或在“D:\code\DicomTool\Debug\oflog.pdb”中寻找)；正在链接对象，如同没有调试信息一样
oflog.lib(socket.obj) : warning LNK4099: 未找到 PDB“oflog.pdb”(使用“oflog.lib(socket.obj)”或在“D:\code\DicomTool\Debug\oflog.pdb”中寻找)；正在链接对象，如同没有调试信息一样
oflog.lib(strhelp.obj) : warning LNK4099: 未找到 PDB“oflog.pdb”(使用“oflog.lib(strhelp.obj)”或在“D:\code\DicomTool\Debug\oflog.pdb”中寻找)；正在链接对象，如同没有调试信息一样
oflog.lib(syncprims.obj) : warning LNK4099: 未找到 PDB“oflog.pdb”(使用“oflog.lib(syncprims.obj)”或在“D:\code\DicomTool\Debug\oflog.pdb”中寻找)；正在链接对象，如同没有调试信息一样
oflog.lib(threads.obj) : warning LNK4099: 未找到 PDB“oflog.pdb”(使用“oflog.lib(threads.obj)”或在“D:\code\DicomTool\Debug\oflog.pdb”中寻找)；正在链接对象，如同没有调试信息一样
oflog.lib(timehelp.obj) : warning LNK4099: 未找到 PDB“oflog.pdb”(使用“oflog.lib(timehelp.obj)”或在“D:\code\DicomTool\Debug\oflog.pdb”中寻找)；正在链接对象，如同没有调试信息一样
oflog.lib(winsock.obj) : warning LNK4099: 未找到 PDB“oflog.pdb”(使用“oflog.lib(winsock.obj)”或在“D:\code\DicomTool\Debug\oflog.pdb”中寻找)；正在链接对象，如同没有调试信息一样
oflog.lib(windebap.obj) : warning LNK4099: 未找到 PDB“oflog.pdb”(使用“oflog.lib(windebap.obj)”或在“D:\code\DicomTool\Debug\oflog.pdb”中寻找)；正在链接对象，如同没有调试信息一样
oflog.lib(winconap.obj) : warning LNK4099: 未找到 PDB“oflog.pdb”(使用“oflog.lib(winconap.obj)”或在“D:\code\DicomTool\Debug\oflog.pdb”中寻找)；正在链接对象，如同没有调试信息一样
ofstd.lib(ofcmdln.obj) : warning LNK4099: 未找到 PDB“ofstd.pdb”(使用“ofstd.lib(ofcmdln.obj)”或在“D:\code\DicomTool\Debug\ofstd.pdb”中寻找)；正在链接对象，如同没有调试信息一样
ofstd.lib(ofconapp.obj) : warning LNK4099: 未找到 PDB“ofstd.pdb”(使用“ofstd.lib(ofconapp.obj)”或在“D:\code\DicomTool\Debug\ofstd.pdb”中寻找)；正在链接对象，如同没有调试信息一样
ofstd.lib(ofcond.obj) : warning LNK4099: 未找到 PDB“ofstd.pdb”(使用“ofstd.lib(ofcond.obj)”或在“D:\code\DicomTool\Debug\ofstd.pdb”中寻找)；正在链接对象，如同没有调试信息一样
ofstd.lib(ofconsol.obj) : warning LNK4099: 未找到 PDB“ofstd.pdb”(使用“ofstd.lib(ofconsol.obj)”或在“D:\code\DicomTool\Debug\ofstd.pdb”中寻找)；正在链接对象，如同没有调试信息一样
ofstd.lib(ofcrc32.obj) : warning LNK4099: 未找到 PDB“ofstd.pdb”(使用“ofstd.lib(ofcrc32.obj)”或在“D:\code\DicomTool\Debug\ofstd.pdb”中寻找)；正在链接对象，如同没有调试信息一样
ofstd.lib(ofdate.obj) : warning LNK4099: 未找到 PDB“ofstd.pdb”(使用“ofstd.lib(ofdate.obj)”或在“D:\code\DicomTool\Debug\ofstd.pdb”中寻找)；正在链接对象，如同没有调试信息一样
ofstd.lib(ofdatime.obj) : warning LNK4099: 未找到 PDB“ofstd.pdb”(使用“ofstd.lib(ofdatime.obj)”或在“D:\code\DicomTool\Debug\ofstd.pdb”中寻找)；正在链接对象，如同没有调试信息一样
ofstd.lib(oflist.obj) : warning LNK4099: 未找到 PDB“ofstd.pdb”(使用“ofstd.lib(oflist.obj)”或在“D:\code\DicomTool\Debug\ofstd.pdb”中寻找)；正在链接对象，如同没有调试信息一样
ofstd.lib(ofstd.obj) : warning LNK4099: 未找到 PDB“ofstd.pdb”(使用“ofstd.lib(ofstd.obj)”或在“D:\code\DicomTool\Debug\ofstd.pdb”中寻找)；正在链接对象，如同没有调试信息一样
ofstd.lib(ofstring.obj) : warning LNK4099: 未找到 PDB“ofstd.pdb”(使用“ofstd.lib(ofstring.obj)”或在“D:\code\DicomTool\Debug\ofstd.pdb”中寻找)；正在链接对象，如同没有调试信息一样
ofstd.lib(ofthread.obj) : warning LNK4099: 未找到 PDB“ofstd.pdb”(使用“ofstd.lib(ofthread.obj)”或在“D:\code\DicomTool\Debug\ofstd.pdb”中寻找)；正在链接对象，如同没有调试信息一样
ofstd.lib(oftime.obj) : warning LNK4099: 未找到 PDB“ofstd.pdb”(使用“ofstd.lib(oftime.obj)”或在“D:\code\DicomTool\Debug\ofstd.pdb”中寻找)；正在链接对象，如同没有调试信息一样
dcmdata.lib(dcbytstr.obj) : warning LNK4099: 未找到 PDB“dcmdata.pdb”(使用“dcmdata.lib(dcbytstr.obj)”或在“D:\code\DicomTool\Debug\dcmdata.pdb”中寻找)；正在链接对象，如同没有调试信息一样
dcmdata.lib(dcchrstr.obj) : warning LNK4099: 未找到 PDB“dcmdata.pdb”(使用“dcmdata.lib(dcchrstr.obj)”或在“D:\code\DicomTool\Debug\dcmdata.pdb”中寻找)；正在链接对象，如同没有调试信息一样
dcmdata.lib(dccodec.obj) : warning LNK4099: 未找到 PDB“dcmdata.pdb”(使用“dcmdata.lib(dccodec.obj)”或在“D:\code\DicomTool\Debug\dcmdata.pdb”中寻找)；正在链接对象，如同没有调试信息一样
dcmdata.lib(dcdatset.obj) : warning LNK4099: 未找到 PDB“dcmdata.pdb”(使用“dcmdata.lib(dcdatset.obj)”或在“D:\code\DicomTool\Debug\dcmdata.pdb”中寻找)；正在链接对象，如同没有调试信息一样
dcmdata.lib(dcdicent.obj) : warning LNK4099: 未找到 PDB“dcmdata.pdb”(使用“dcmdata.lib(dcdicent.obj)”或在“D:\code\DicomTool\Debug\dcmdata.pdb”中寻找)；正在链接对象，如同没有调试信息一样
dcmdata.lib(dcdict.obj) : warning LNK4099: 未找到 PDB“dcmdata.pdb”(使用“dcmdata.lib(dcdict.obj)”或在“D:\code\DicomTool\Debug\dcmdata.pdb”中寻找)；正在链接对象，如同没有调试信息一样
dcmdata.lib(dcdictzz.obj) : warning LNK4099: 未找到 PDB“dcmdata.pdb”(使用“dcmdata.lib(dcdictzz.obj)”或在“D:\code\DicomTool\Debug\dcmdata.pdb”中寻找)；正在链接对象，如同没有调试信息一样
dcmdata.lib(dcdirrec.obj) : warning LNK4099: 未找到 PDB“dcmdata.pdb”(使用“dcmdata.lib(dcdirrec.obj)”或在“D:\code\DicomTool\Debug\dcmdata.pdb”中寻找)；正在链接对象，如同没有调试信息一样
dcmdata.lib(dcelem.obj) : warning LNK4099: 未找到 PDB“dcmdata.pdb”(使用“dcmdata.lib(dcelem.obj)”或在“D:\code\DicomTool\Debug\dcmdata.pdb”中寻找)；正在链接对象，如同没有调试信息一样
dcmdata.lib(dcerror.obj) : warning LNK4099: 未找到 PDB“dcmdata.pdb”(使用“dcmdata.lib(dcerror.obj)”或在“D:\code\DicomTool\Debug\dcmdata.pdb”中寻找)；正在链接对象，如同没有调试信息一样
dcmdata.lib(dcfilefo.obj) : warning LNK4099: 未找到 PDB“dcmdata.pdb”(使用“dcmdata.lib(dcfilefo.obj)”或在“D:\code\DicomTool\Debug\dcmdata.pdb”中寻找)；正在链接对象，如同没有调试信息一样
dcmdata.lib(dchashdi.obj) : warning LNK4099: 未找到 PDB“dcmdata.pdb”(使用“dcmdata.lib(dchashdi.obj)”或在“D:\code\DicomTool\Debug\dcmdata.pdb”中寻找)；正在链接对象，如同没有调试信息一样
dcmdata.lib(dcistrma.obj) : warning LNK4099: 未找到 PDB“dcmdata.pdb”(使用“dcmdata.lib(dcistrma.obj)”或在“D:\code\DicomTool\Debug\dcmdata.pdb”中寻找)；正在链接对象，如同没有调试信息一样
dcmdata.lib(dcistrmb.obj) : warning LNK4099: 未找到 PDB“dcmdata.pdb”(使用“dcmdata.lib(dcistrmb.obj)”或在“D:\code\DicomTool\Debug\dcmdata.pdb”中寻找)；正在链接对象，如同没有调试信息一样
dcmdata.lib(dcistrmf.obj) : warning LNK4099: 未找到 PDB“dcmdata.pdb”(使用“dcmdata.lib(dcistrmf.obj)”或在“D:\code\DicomTool\Debug\dcmdata.pdb”中寻找)；正在链接对象，如同没有调试信息一样
dcmdata.lib(dcitem.obj) : warning LNK4099: 未找到 PDB“dcmdata.pdb”(使用“dcmdata.lib(dcitem.obj)”或在“D:\code\DicomTool\Debug\dcmdata.pdb”中寻找)；正在链接对象，如同没有调试信息一样
dcmdata.lib(dclist.obj) : warning LNK4099: 未找到 PDB“dcmdata.pdb”(使用“dcmdata.lib(dclist.obj)”或在“D:\code\DicomTool\Debug\dcmdata.pdb”中寻找)；正在链接对象，如同没有调试信息一样
dcmdata.lib(dcmetinf.obj) : warning LNK4099: 未找到 PDB“dcmdata.pdb”(使用“dcmdata.lib(dcmetinf.obj)”或在“D:\code\DicomTool\Debug\dcmdata.pdb”中寻找)；正在链接对象，如同没有调试信息一样
dcmdata.lib(dcobject.obj) : warning LNK4099: 未找到 PDB“dcmdata.pdb”(使用“dcmdata.lib(dcobject.obj)”或在“D:\code\DicomTool\Debug\dcmdata.pdb”中寻找)；正在链接对象，如同没有调试信息一样
dcmdata.lib(dcostrma.obj) : warning LNK4099: 未找到 PDB“dcmdata.pdb”(使用“dcmdata.lib(dcostrma.obj)”或在“D:\code\DicomTool\Debug\dcmdata.pdb”中寻找)；正在链接对象，如同没有调试信息一样
dcmdata.lib(dcostrmb.obj) : warning LNK4099: 未找到 PDB“dcmdata.pdb”(使用“dcmdata.lib(dcostrmb.obj)”或在“D:\code\DicomTool\Debug\dcmdata.pdb”中寻找)；正在链接对象，如同没有调试信息一样
dcmdata.lib(dcostrmf.obj) : warning LNK4099: 未找到 PDB“dcmdata.pdb”(使用“dcmdata.lib(dcostrmf.obj)”或在“D:\code\DicomTool\Debug\dcmdata.pdb”中寻找)；正在链接对象，如同没有调试信息一样
dcmdata.lib(dcpcache.obj) : warning LNK4099: 未找到 PDB“dcmdata.pdb”(使用“dcmdata.lib(dcpcache.obj)”或在“D:\code\DicomTool\Debug\dcmdata.pdb”中寻找)；正在链接对象，如同没有调试信息一样
dcmdata.lib(dcpixel.obj) : warning LNK4099: 未找到 PDB“dcmdata.pdb”(使用“dcmdata.lib(dcpixel.obj)”或在“D:\code\DicomTool\Debug\dcmdata.pdb”中寻找)；正在链接对象，如同没有调试信息一样
dcmdata.lib(dcpixseq.obj) : warning LNK4099: 未找到 PDB“dcmdata.pdb”(使用“dcmdata.lib(dcpixseq.obj)”或在“D:\code\DicomTool\Debug\dcmdata.pdb”中寻找)；正在链接对象，如同没有调试信息一样
dcmdata.lib(dcpxitem.obj) : warning LNK4099: 未找到 PDB“dcmdata.pdb”(使用“dcmdata.lib(dcpxitem.obj)”或在“D:\code\DicomTool\Debug\dcmdata.pdb”中寻找)；正在链接对象，如同没有调试信息一样
dcmdata.lib(dcsequen.obj) : warning LNK4099: 未找到 PDB“dcmdata.pdb”(使用“dcmdata.lib(dcsequen.obj)”或在“D:\code\DicomTool\Debug\dcmdata.pdb”中寻找)；正在链接对象，如同没有调试信息一样
dcmdata.lib(dcstack.obj) : warning LNK4099: 未找到 PDB“dcmdata.pdb”(使用“dcmdata.lib(dcstack.obj)”或在“D:\code\DicomTool\Debug\dcmdata.pdb”中寻找)；正在链接对象，如同没有调试信息一样
dcmdata.lib(dcswap.obj) : warning LNK4099: 未找到 PDB“dcmdata.pdb”(使用“dcmdata.lib(dcswap.obj)”或在“D:\code\DicomTool\Debug\dcmdata.pdb”中寻找)；正在链接对象，如同没有调试信息一样
dcmdata.lib(dctag.obj) : warning LNK4099: 未找到 PDB“dcmdata.pdb”(使用“dcmdata.lib(dctag.obj)”或在“D:\code\DicomTool\Debug\dcmdata.pdb”中寻找)；正在链接对象，如同没有调试信息一样
dcmdata.lib(dctagkey.obj) : warning LNK4099: 未找到 PDB“dcmdata.pdb”(使用“dcmdata.lib(dctagkey.obj)”或在“D:\code\DicomTool\Debug\dcmdata.pdb”中寻找)；正在链接对象，如同没有调试信息一样
dcmdata.lib(dctypes.obj) : warning LNK4099: 未找到 PDB“dcmdata.pdb”(使用“dcmdata.lib(dctypes.obj)”或在“D:\code\DicomTool\Debug\dcmdata.pdb”中寻找)；正在链接对象，如同没有调试信息一样
dcmdata.lib(dcuid.obj) : warning LNK4099: 未找到 PDB“dcmdata.pdb”(使用“dcmdata.lib(dcuid.obj)”或在“D:\code\DicomTool\Debug\dcmdata.pdb”中寻找)；正在链接对象，如同没有调试信息一样
dcmdata.lib(dcwcache.obj) : warning LNK4099: 未找到 PDB“dcmdata.pdb”(使用“dcmdata.lib(dcwcache.obj)”或在“D:\code\DicomTool\Debug\dcmdata.pdb”中寻找)；正在链接对象，如同没有调试信息一样
dcmdata.lib(dcvm.obj) : warning LNK4099: 未找到 PDB“dcmdata.pdb”(使用“dcmdata.lib(dcvm.obj)”或在“D:\code\DicomTool\Debug\dcmdata.pdb”中寻找)；正在链接对象，如同没有调试信息一样
dcmdata.lib(dcvr.obj) : warning LNK4099: 未找到 PDB“dcmdata.pdb”(使用“dcmdata.lib(dcvr.obj)”或在“D:\code\DicomTool\Debug\dcmdata.pdb”中寻找)；正在链接对象，如同没有调试信息一样
dcmdata.lib(dcvrae.obj) : warning LNK4099: 未找到 PDB“dcmdata.pdb”(使用“dcmdata.lib(dcvrae.obj)”或在“D:\code\DicomTool\Debug\dcmdata.pdb”中寻找)；正在链接对象，如同没有调试信息一样
dcmdata.lib(dcvras.obj) : warning LNK4099: 未找到 PDB“dcmdata.pdb”(使用“dcmdata.lib(dcvras.obj)”或在“D:\code\DicomTool\Debug\dcmdata.pdb”中寻找)；正在链接对象，如同没有调试信息一样
dcmdata.lib(dcvrat.obj) : warning LNK4099: 未找到 PDB“dcmdata.pdb”(使用“dcmdata.lib(dcvrat.obj)”或在“D:\code\DicomTool\Debug\dcmdata.pdb”中寻找)；正在链接对象，如同没有调试信息一样
dcmdata.lib(dcvrcs.obj) : warning LNK4099: 未找到 PDB“dcmdata.pdb”(使用“dcmdata.lib(dcvrcs.obj)”或在“D:\code\DicomTool\Debug\dcmdata.pdb”中寻找)；正在链接对象，如同没有调试信息一样
dcmdata.lib(dcvrda.obj) : warning LNK4099: 未找到 PDB“dcmdata.pdb”(使用“dcmdata.lib(dcvrda.obj)”或在“D:\code\DicomTool\Debug\dcmdata.pdb”中寻找)；正在链接对象，如同没有调试信息一样
dcmdata.lib(dcvrds.obj) : warning LNK4099: 未找到 PDB“dcmdata.pdb”(使用“dcmdata.lib(dcvrds.obj)”或在“D:\code\DicomTool\Debug\dcmdata.pdb”中寻找)；正在链接对象，如同没有调试信息一样
dcmdata.lib(dcvrdt.obj) : warning LNK4099: 未找到 PDB“dcmdata.pdb”(使用“dcmdata.lib(dcvrdt.obj)”或在“D:\code\DicomTool\Debug\dcmdata.pdb”中寻找)；正在链接对象，如同没有调试信息一样
dcmdata.lib(dcvrfd.obj) : warning LNK4099: 未找到 PDB“dcmdata.pdb”(使用“dcmdata.lib(dcvrfd.obj)”或在“D:\code\DicomTool\Debug\dcmdata.pdb”中寻找)；正在链接对象，如同没有调试信息一样
dcmdata.lib(dcvrfl.obj) : warning LNK4099: 未找到 PDB“dcmdata.pdb”(使用“dcmdata.lib(dcvrfl.obj)”或在“D:\code\DicomTool\Debug\dcmdata.pdb”中寻找)；正在链接对象，如同没有调试信息一样
dcmdata.lib(dcvris.obj) : warning LNK4099: 未找到 PDB“dcmdata.pdb”(使用“dcmdata.lib(dcvris.obj)”或在“D:\code\DicomTool\Debug\dcmdata.pdb”中寻找)；正在链接对象，如同没有调试信息一样
dcmdata.lib(dcvrlo.obj) : warning LNK4099: 未找到 PDB“dcmdata.pdb”(使用“dcmdata.lib(dcvrlo.obj)”或在“D:\code\DicomTool\Debug\dcmdata.pdb”中寻找)；正在链接对象，如同没有调试信息一样
dcmdata.lib(dcvrlt.obj) : warning LNK4099: 未找到 PDB“dcmdata.pdb”(使用“dcmdata.lib(dcvrlt.obj)”或在“D:\code\DicomTool\Debug\dcmdata.pdb”中寻找)；正在链接对象，如同没有调试信息一样
dcmdata.lib(dcvrobow.obj) : warning LNK4099: 未找到 PDB“dcmdata.pdb”(使用“dcmdata.lib(dcvrobow.obj)”或在“D:\code\DicomTool\Debug\dcmdata.pdb”中寻找)；正在链接对象，如同没有调试信息一样
dcmdata.lib(dcvrof.obj) : warning LNK4099: 未找到 PDB“dcmdata.pdb”(使用“dcmdata.lib(dcvrof.obj)”或在“D:\code\DicomTool\Debug\dcmdata.pdb”中寻找)；正在链接对象，如同没有调试信息一样
dcmdata.lib(dcvrpn.obj) : warning LNK4099: 未找到 PDB“dcmdata.pdb”(使用“dcmdata.lib(dcvrpn.obj)”或在“D:\code\DicomTool\Debug\dcmdata.pdb”中寻找)；正在链接对象，如同没有调试信息一样
dcmdata.lib(dcvrpobw.obj) : warning LNK4099: 未找到 PDB“dcmdata.pdb”(使用“dcmdata.lib(dcvrpobw.obj)”或在“D:\code\DicomTool\Debug\dcmdata.pdb”中寻找)；正在链接对象，如同没有调试信息一样
dcmdata.lib(dcvrsh.obj) : warning LNK4099: 未找到 PDB“dcmdata.pdb”(使用“dcmdata.lib(dcvrsh.obj)”或在“D:\code\DicomTool\Debug\dcmdata.pdb”中寻找)；正在链接对象，如同没有调试信息一样
dcmdata.lib(dcvrsl.obj) : warning LNK4099: 未找到 PDB“dcmdata.pdb”(使用“dcmdata.lib(dcvrsl.obj)”或在“D:\code\DicomTool\Debug\dcmdata.pdb”中寻找)；正在链接对象，如同没有调试信息一样
dcmdata.lib(dcvrss.obj) : warning LNK4099: 未找到 PDB“dcmdata.pdb”(使用“dcmdata.lib(dcvrss.obj)”或在“D:\code\DicomTool\Debug\dcmdata.pdb”中寻找)；正在链接对象，如同没有调试信息一样
dcmdata.lib(dcvrst.obj) : warning LNK4099: 未找到 PDB“dcmdata.pdb”(使用“dcmdata.lib(dcvrst.obj)”或在“D:\code\DicomTool\Debug\dcmdata.pdb”中寻找)；正在链接对象，如同没有调试信息一样
dcmdata.lib(dcvrtm.obj) : warning LNK4099: 未找到 PDB“dcmdata.pdb”(使用“dcmdata.lib(dcvrtm.obj)”或在“D:\code\DicomTool\Debug\dcmdata.pdb”中寻找)；正在链接对象，如同没有调试信息一样
dcmdata.lib(dcvrui.obj) : warning LNK4099: 未找到 PDB“dcmdata.pdb”(使用“dcmdata.lib(dcvrui.obj)”或在“D:\code\DicomTool\Debug\dcmdata.pdb”中寻找)；正在链接对象，如同没有调试信息一样
dcmdata.lib(dcvrul.obj) : warning LNK4099: 未找到 PDB“dcmdata.pdb”(使用“dcmdata.lib(dcvrul.obj)”或在“D:\code\DicomTool\Debug\dcmdata.pdb”中寻找)；正在链接对象，如同没有调试信息一样
dcmdata.lib(dcvrulup.obj) : warning LNK4099: 未找到 PDB“dcmdata.pdb”(使用“dcmdata.lib(dcvrulup.obj)”或在“D:\code\DicomTool\Debug\dcmdata.pdb”中寻找)；正在链接对象，如同没有调试信息一样
dcmdata.lib(dcvrus.obj) : warning LNK4099: 未找到 PDB“dcmdata.pdb”(使用“dcmdata.lib(dcvrus.obj)”或在“D:\code\DicomTool\Debug\dcmdata.pdb”中寻找)；正在链接对象，如同没有调试信息一样
dcmdata.lib(dcvrut.obj) : warning LNK4099: 未找到 PDB“dcmdata.pdb”(使用“dcmdata.lib(dcvrut.obj)”或在“D:\code\DicomTool\Debug\dcmdata.pdb”中寻找)；正在链接对象，如同没有调试信息一样
dcmdata.lib(dcxfer.obj) : warning LNK4099: 未找到 PDB“dcmdata.pdb”(使用“dcmdata.lib(dcxfer.obj)”或在“D:\code\DicomTool\Debug\dcmdata.pdb”中寻找)；正在链接对象，如同没有调试信息一样
dcmdata.lib(vrscan.obj) : warning LNK4099: 未找到 PDB“dcmdata.pdb”(使用“dcmdata.lib(vrscan.obj)”或在“D:\code\DicomTool\Debug\dcmdata.pdb”中寻找)；正在链接对象，如同没有调试信息一样
dcmdata.lib(vrscanl.obj) : warning LNK4099: 未找到 PDB“dcmdata.pdb”(使用“dcmdata.lib(vrscanl.obj)”或在“D:\code\DicomTool\Debug\dcmdata.pdb”中寻找)；正在链接对象，如同没有调试信息一样
dcmnet.lib(assoc.obj) : warning LNK4099: 未找到 PDB“dcmnet.pdb”(使用“dcmnet.lib(assoc.obj)”或在“D:\code\DicomTool\Debug\dcmnet.pdb”中寻找)；正在链接对象，如同没有调试信息一样
dcmnet.lib(cond.obj) : warning LNK4099: 未找到 PDB“dcmnet.pdb”(使用“dcmnet.lib(cond.obj)”或在“D:\code\DicomTool\Debug\dcmnet.pdb”中寻找)；正在链接对象，如同没有调试信息一样
dcmnet.lib(dcmlayer.obj) : warning LNK4099: 未找到 PDB“dcmnet.pdb”(使用“dcmnet.lib(dcmlayer.obj)”或在“D:\code\DicomTool\Debug\dcmnet.pdb”中寻找)；正在链接对象，如同没有调试信息一样
dcmnet.lib(dcmtrans.obj) : warning LNK4099: 未找到 PDB“dcmnet.pdb”(使用“dcmnet.lib(dcmtrans.obj)”或在“D:\code\DicomTool\Debug\dcmnet.pdb”中寻找)；正在链接对象，如同没有调试信息一样
dcmnet.lib(dimcmd.obj) : warning LNK4099: 未找到 PDB“dcmnet.pdb”(使用“dcmnet.lib(dimcmd.obj)”或在“D:\code\DicomTool\Debug\dcmnet.pdb”中寻找)；正在链接对象，如同没有调试信息一样
dcmnet.lib(dimecho.obj) : warning LNK4099: 未找到 PDB“dcmnet.pdb”(使用“dcmnet.lib(dimecho.obj)”或在“D:\code\DicomTool\Debug\dcmnet.pdb”中寻找)；正在链接对象，如同没有调试信息一样
dcmnet.lib(dimse.obj) : warning LNK4099: 未找到 PDB“dcmnet.pdb”(使用“dcmnet.lib(dimse.obj)”或在“D:\code\DicomTool\Debug\dcmnet.pdb”中寻找)；正在链接对象，如同没有调试信息一样
dcmnet.lib(diutil.obj) : warning LNK4099: 未找到 PDB“dcmnet.pdb”(使用“dcmnet.lib(diutil.obj)”或在“D:\code\DicomTool\Debug\dcmnet.pdb”中寻找)；正在链接对象，如同没有调试信息一样
dcmnet.lib(dul.obj) : warning LNK4099: 未找到 PDB“dcmnet.pdb”(使用“dcmnet.lib(dul.obj)”或在“D:\code\DicomTool\Debug\dcmnet.pdb”中寻找)；正在链接对象，如同没有调试信息一样
dcmnet.lib(dulconst.obj) : warning LNK4099: 未找到 PDB“dcmnet.pdb”(使用“dcmnet.lib(dulconst.obj)”或在“D:\code\DicomTool\Debug\dcmnet.pdb”中寻找)；正在链接对象，如同没有调试信息一样
dcmnet.lib(dulextra.obj) : warning LNK4099: 未找到 PDB“dcmnet.pdb”(使用“dcmnet.lib(dulextra.obj)”或在“D:\code\DicomTool\Debug\dcmnet.pdb”中寻找)；正在链接对象，如同没有调试信息一样
dcmnet.lib(dulfsm.obj) : warning LNK4099: 未找到 PDB“dcmnet.pdb”(使用“dcmnet.lib(dulfsm.obj)”或在“D:\code\DicomTool\Debug\dcmnet.pdb”中寻找)；正在链接对象，如同没有调试信息一样
dcmnet.lib(dulparse.obj) : warning LNK4099: 未找到 PDB“dcmnet.pdb”(使用“dcmnet.lib(dulparse.obj)”或在“D:\code\DicomTool\Debug\dcmnet.pdb”中寻找)；正在链接对象，如同没有调试信息一样
dcmnet.lib(dulpres.obj) : warning LNK4099: 未找到 PDB“dcmnet.pdb”(使用“dcmnet.lib(dulpres.obj)”或在“D:\code\DicomTool\Debug\dcmnet.pdb”中寻找)；正在链接对象，如同没有调试信息一样
dcmnet.lib(extneg.obj) : warning LNK4099: 未找到 PDB“dcmnet.pdb”(使用“dcmnet.lib(extneg.obj)”或在“D:\code\DicomTool\Debug\dcmnet.pdb”中寻找)；正在链接对象，如同没有调试信息一样
dcmnet.lib(lst.obj) : warning LNK4099: 未找到 PDB“dcmnet.pdb”(使用“dcmnet.lib(lst.obj)”或在“D:\code\DicomTool\Debug\dcmnet.pdb”中寻找)；正在链接对象，如同没有调试信息一样
dcmnet.lib(dcuserid.obj) : warning LNK4099: 未找到 PDB“dcmnet.pdb”(使用“dcmnet.lib(dcuserid.obj)”或在“D:\code\DicomTool\Debug\dcmnet.pdb”中寻找)；正在链接对象，如同没有调试信息一样
  DicomTool.vcxproj -> D:\code\DicomTool\Debug\DicomTool.exe
  DicomTool.vcxproj -> D:\code\DicomTool\Debug\DicomTool.pdb (Partial PDB)
